Inspecting 91 files
...C....CC.CCCCCCCC.C..........C........W....C.C.....CC.C......C..............CW.C......C..

Offenses:

Gemfile:7:1: C: [Corrected] Bundler/OrderedGems: Gems should be sorted in an alphabetical order within their section of the Gemfile. Gem activestorage should appear before rails.
gem 'activestorage' # active strageを使う
^^^^^^^^^^^^^^^^^^^
Gemfile:8:1: C: [Corrected] Bundler/OrderedGems: Gems should be sorted in an alphabetical order within their section of the Gemfile. Gem bcrypt should appear before rails.
gem 'bcrypt', '3.1.12' # パスワード(password_digest)をハッシュ化する
^^^^^^^^^^^^^^^^^^^^^^
Gemfile:9:1: C: [Corrected] Bundler/OrderedGems: Gems should be sorted in an alphabetical order within their section of the Gemfile. Gem bootstrap-will_paginate should appear before rails.
gem 'bootstrap-will_paginate', '1.0.0' # ページネーションでbootstrap
^^^^^^^^^^^^^^^^^^^^^^^^^^^^^^^^^^^^^^
Gemfile:10:1: C: [Corrected] Bundler/OrderedGems: Gems should be sorted in an alphabetical order within their section of the Gemfile. Gem coffee-rails should appear before rails.
gem 'coffee-rails', '4.2.2'
^^^^^^^^^^^^^^^^^^^^^^^^^^^
Gemfile:11:1: C: [Corrected] Bundler/OrderedGems: Gems should be sorted in an alphabetical order within their section of the Gemfile. Gem faker should appear before rails.
gem 'faker', '1.7.3' # サンプルデータを作成する
^^^^^^^^^^^^^^^^^^^^
Gemfile:11:16: C: [Corrected] Layout/ExtraSpacing: Unnecessary spacing detected.
gem 'jbuilder',     '2.7.0'
               ^^^^
Gemfile:12:1: C: [Corrected] Bundler/OrderedGems: Gems should be sorted in an alphabetical order within their section of the Gemfile. Gem jbuilder should appear before rails.
gem 'jbuilder',     '2.7.0'
^^^^^^^^^^^^^^^^^^^^^^^^^^^
Gemfile:13:1: C: [Corrected] Bundler/OrderedGems: Gems should be sorted in an alphabetical order within their section of the Gemfile. Gem jquery-rails should appear before rails.
gem 'jquery-rails', '4.3.1' # jqueryを使用する
^^^^^^^^^^^^^^^^^^^^^^^^^^^
Gemfile:14:1: C: [Corrected] Bundler/OrderedGems: Gems should be sorted in an alphabetical order within their section of the Gemfile. Gem mail-iso-2022-jp should appear before rails.
gem 'mail-iso-2022-jp' # メイラーで送る文章の日本語化
^^^^^^^^^^^^^^^^^^^^^^
Gemfile:15:1: C: [Corrected] Bundler/OrderedGems: Gems should be sorted in an alphabetical order within their section of the Gemfile. Gem mini_magick should appear before rails.
gem 'mini_magick' # 画像をアップロードする
^^^^^^^^^^^^^^^^^
Gemfile:16:1: C: [Corrected] Bundler/OrderedGems: Gems should be sorted in an alphabetical order within their section of the Gemfile. Gem mini_racer should appear before rails.
gem 'mini_racer'
^^^^^^^^^^^^^^^^
Gemfile:17:1: C: [Corrected] Bundler/OrderedGems: Gems should be sorted in an alphabetical order within their section of the Gemfile. Gem puma should appear before rails.
gem 'puma', '3.9.1'
^^^^^^^^^^^^^^^^^^^
app/models/plan.rb:14:3: C: [Corrected] Layout/LeadingCommentSpace: Missing space after #.
  #最後に描写した日時を記録する
  ^^^^^^^^^^^^^^^
app/models/user.rb:58:5: C: Rails/SkipsModelValidations: Avoid using update_columns because it skips validations.
    update_columns(reset_digest: User.digest(reset_token),
    ^^^^^^^^^^^^^^
app/models/user.rb:75:5: C: Rails/SkipsModelValidations: Avoid using update_columns because it skips validations.
    update_columns(remember_digest: User.digest(remember_token))
    ^^^^^^^^^^^^^^
app/models/user.rb:88:5: C: Rails/SkipsModelValidations: Avoid using update_attribute because it skips validations.
    update_attribute(:remember_digest, nil)
    ^^^^^^^^^^^^^^^^
app/controllers/application_controller.rb:11:5: C: Style/GuardClause: Use a guard clause instead of wrapping the code inside a conditional expression.
    unless logged_in?
    ^^^^^^
app/controllers/static_pages_controller.rb:7:5: C: Style/GuardClause: Use a guard clause instead of wrapping the code inside a conditional expression.
    if logged_in?
    ^^
app/controllers/plan_details_controller.rb:19:1: C: [Corrected] Layout/EmptyLinesAroundClassBody: Extra empty line detected at class body end.
app/controllers/account_activations_controller.rb:4:3: C: Metrics/AbcSize: Assignment Branch Condition size for edit is too high. [15.59/15]
  def edit ...
  ^^^^^^^^
app/controllers/users_controller.rb:48:3: C: Metrics/AbcSize: Assignment Branch Condition size for destroy is too high. [19.26/15]
  def destroy ...
  ^^^^^^^^^^^
app/controllers/users_controller.rb:48:3: C: Metrics/MethodLength: Method has too many lines. [13/10]
  def destroy ...
  ^^^^^^^^^^^
app/controllers/users_controller.rb:51:7: C: Style/IdenticalConditionalBranches: Move user.destroy out of the conditional.
      user.destroy
      ^^^^^^^^^^^^
app/controllers/users_controller.rb:55:7: C: Style/IdenticalConditionalBranches: Move user.destroy out of the conditional.
      user.destroy
      ^^^^^^^^^^^^
app/controllers/users_controller.rb:72:5: C: Style/GuardClause: Use a guard clause instead of wrapping the code inside a conditional expression.
    unless current_user.admin?
    ^^^^^^
app/controllers/sessions_controller.rb:6:3: C: Metrics/AbcSize: Assignment Branch Condition size for create is too high. [25.48/15]
  def create ...
  ^^^^^^^^^^
app/controllers/sessions_controller.rb:6:3: C: Metrics/MethodLength: Method has too many lines. [17/10]
  def create ...
  ^^^^^^^^^^
app/controllers/plans_controller.rb:56:3: C: Metrics/AbcSize: Assignment Branch Condition size for correct_user is too high. [18.47/15]
  def correct_user ...
  ^^^^^^^^^^^^^^^^
app/controllers/plans_controller.rb:57:5: C: Style/GuardClause: Use a guard clause instead of wrapping the code inside a conditional expression.
    unless current_user.nil? && current_user.admin?
    ^^^^^^
app/controllers/plans_controller.rb:59:10: C: Style/DoubleNegation: Avoid the use of double negation (!!).
      if !!plan
         ^
app/controllers/plans_controller.rb:71:3: C: Metrics/MethodLength: Method has too many lines. [16/10]
  def set_action_type ...
  ^^^^^^^^^^^^^^^^^^^
app/controllers/plans_controller.rb:89:1: C: [Corrected] Layout/EmptyLinesAroundClassBody: Extra empty line detected at class body end.
app/controllers/password_resets_controller.rb:25:3: C: Metrics/MethodLength: Method has too many lines. [11/10]
  def update ...
  ^^^^^^^^^^
app/controllers/password_resets_controller.rb:32:13: C: Rails/SkipsModelValidations: Avoid using update_attribute because it skips validations.
      @user.update_attribute(:reset_digest, nil)
            ^^^^^^^^^^^^^^^^
app/controllers/password_resets_controller.rb:45:7: C: Naming/AccessorMethodName: Do not prefix reader method names with get_.
  def get_user
      ^^^^^^^^
app/controllers/password_resets_controller.rb:59:5: C: Style/GuardClause: Use a guard clause instead of wrapping the code inside a conditional expression.
    if @user.password_reset_expired?
    ^^
app/helpers/plan_details_helper.rb:4:1: C: [Corrected] Layout/EmptyLinesAroundModuleBody: Extra empty line detected at module body beginning.
app/helpers/plan_details_helper.rb:5:3: C: Metrics/AbcSize: Assignment Branch Condition size for drow_date is too high. [17.29/15]
  def drow_date(plan_detail, format) ...
  ^^^^^^^^^^^^^^^^^^^^^^^^^^^^^^^^^^
app/helpers/plan_details_helper.rb:5:3: C: Metrics/CyclomaticComplexity: Cyclomatic complexity for drow_date is too high. [8/6]
  def drow_date(plan_detail, format) ...
  ^^^^^^^^^^^^^^^^^^^^^^^^^^^^^^^^^^
app/helpers/plan_details_helper.rb:5:3: C: Metrics/PerceivedComplexity: Perceived complexity for drow_date is too high. [9/7]
  def drow_date(plan_detail, format) ...
  ^^^^^^^^^^^^^^^^^^^^^^^^^^^^^^^^^^
app/helpers/plan_details_helper.rb:15:5: C: Style/GuardClause: Use a guard clause instead of wrapping the code inside a conditional expression.
    if prev_date != current_date
    ^^
app/helpers/plan_details_helper.rb:22:1: C: [Corrected] Layout/EmptyLinesAroundModuleBody: Extra empty line detected at module body end.
test/integration/user_edit_test.rb:5:1: C: Metrics/ClassLength: Class has too many lines. [127/100]
class UserEditTest < ActionDispatch::IntegrationTest ...
^^^^^^^^^^^^^^^^^^^^^^^^^^^^^^^^^^^^^^^^^^^^^^^^^^^^
test/integration/password_resets_test.rb:31:10: C: Rails/SkipsModelValidations: Avoid using toggle! because it skips validations.
    user.toggle!(:activated)
         ^^^^^^^
test/integration/password_resets_test.rb:34:10: C: Rails/SkipsModelValidations: Avoid using toggle! because it skips validations.
    user.toggle!(:activated)
         ^^^^^^^
test/integration/password_resets_test.rb:69:11: C: Rails/SkipsModelValidations: Avoid using update_attribute because it skips validations.
    @user.update_attribute(:reset_sent_at, 3.hours.ago)
          ^^^^^^^^^^^^^^^^
test/integration/password_resets_test.rb:77:18: W: Lint/AmbiguousRegexpLiteral: Ambiguous regexp literal. Parenthesize the method arguments if it's surely a regexp literal, or add a whitespace to the right of the / if it should be a division.
    assert_match /有効期限が切れています。/i, response.body
                 ^
test/test_helper.rb:10:7: C: Style/ClassAndModuleChildren: Use nested module/class definitions instead of compact style.
class ActiveSupport::TestCase
      ^^^^^^^^^^^^^^^^^^^^^^^
test/test_helper.rb:18:7: C: Naming/PredicateName: Rename is_logged_in? to logged_in?.
  def is_logged_in?
      ^^^^^^^^^^^^^
test/test_helper.rb:29:7: C: Style/ClassAndModuleChildren: Use nested module/class definitions instead of compact style.
class ActionDispatch::IntegrationTest
      ^^^^^^^^^^^^^^^^^^^^^^^^^^^^^^^
test/controllers/plans_controller_test.rb:49:1: C: [Corrected] Layout/EmptyLinesAroundClassBody: Extra empty line detected at class body end.
test/helpers/sessions_helper_test.rb:20:11: C: Rails/SkipsModelValidations: Avoid using update_attribute because it skips validations.
    @user.update_attribute(:remember_digest, User.digest(User.new_token))
          ^^^^^^^^^^^^^^^^
bin/update:6:1: C: Style/MixinUsage: include is used at the top level. Use inside class or module.
include FileUtils
^^^^^^^^^^^^^^^^^
bin/setup:6:1: C: Style/MixinUsage: include is used at the top level. Use inside class or module.
include FileUtils
^^^^^^^^^^^^^^^^^
config/environments/development.rb:18:6: C: Rails/FilePath: Please use Rails.root.join('path', 'to') instead.
  if Rails.root.join('tmp/caching-dev.txt').exist?
     ^^^^^^^^^^^^^^^^^^^^^^^^^^^^^^^^^^^^^^
db/schema.rb:1:1: C: [Corrected] Style/FrozenStringLiteralComment: Missing magic comment # frozen_string_literal: true.
# This file is auto-generated from the current state of the database. Instead
^
db/schema.rb:13:38: C: [Corrected] Style/NumericLiterals: Use underscores(_) as thousands separator and separate every 3 digits with them.
ActiveRecord::Schema.define(version: 2018_12_04_123544) do
                                     ^^^^^^^^^^^^^^^^^
db/schema.rb:14:1: C: [Corrected] Layout/EmptyLinesAroundBlockBody: Extra empty line detected at block body beginning.
db/schema.rb:15:16: C: [Corrected] Style/StringLiterals: Prefer single-quoted strings when you don't need string interpolation or special symbols.
  create_table "active_storage_attachments", force: :cascade do |t|
               ^^^^^^^^^^^^^^^^^^^^^^^^^^^^
db/schema.rb:16:14: C: [Corrected] Style/StringLiterals: Prefer single-quoted strings when you don't need string interpolation or special symbols.
    t.string "name", null: false
             ^^^^^^
db/schema.rb:17:14: C: [Corrected] Style/StringLiterals: Prefer single-quoted strings when you don't need string interpolation or special symbols.
    t.string "record_type", null: false
             ^^^^^^^^^^^^^
db/schema.rb:18:15: C: [Corrected] Style/StringLiterals: Prefer single-quoted strings when you don't need string interpolation or special symbols.
    t.integer "record_id", null: false
              ^^^^^^^^^^^
db/schema.rb:19:15: C: [Corrected] Style/StringLiterals: Prefer single-quoted strings when you don't need string interpolation or special symbols.
    t.integer "blob_id", null: false
              ^^^^^^^^^
db/schema.rb:20:16: C: [Corrected] Style/StringLiterals: Prefer single-quoted strings when you don't need string interpolation or special symbols.
    t.datetime "created_at", null: false
               ^^^^^^^^^^^^
db/schema.rb:21:14: C: [Corrected] Style/StringLiterals: Prefer single-quoted strings when you don't need string interpolation or special symbols.
    t.index ["blob_id"], name: "index_active_storage_attachments_on_blob_id"
             ^^^^^^^^^
db/schema.rb:21:32: C: [Corrected] Style/StringLiterals: Prefer single-quoted strings when you don't need string interpolation or special symbols.
    t.index ["blob_id"], name: "index_active_storage_attachments_on_blob_id"
                               ^^^^^^^^^^^^^^^^^^^^^^^^^^^^^^^^^^^^^^^^^^^^^
db/schema.rb:22:13: C: [Corrected] Style/WordArray: Use %w or %W for an array of words.
    t.index ["record_type", "record_id", "name", "blob_id"], name: "index_active_storage_attachments_uniqueness", unique: true
            ^^^^^^^^^^^^^^^^^^^^^^^^^^^^^^^^^^^^^^^^^^^^^^^
db/schema.rb:22:14: C: [Corrected] Style/StringLiterals: Prefer single-quoted strings when you don't need string interpolation or special symbols.
    t.index ["record_type", "record_id", "name", "blob_id"], name: "index_active_storage_attachments_uniqueness", unique: true
             ^^^^^^^^^^^^^
db/schema.rb:22:29: C: [Corrected] Style/StringLiterals: Prefer single-quoted strings when you don't need string interpolation or special symbols.
    t.index ["record_type", "record_id", "name", "blob_id"], name: "index_active_storage_attachments_uniqueness", unique: true
                            ^^^^^^^^^^^
db/schema.rb:22:42: C: [Corrected] Style/StringLiterals: Prefer single-quoted strings when you don't need string interpolation or special symbols.
    t.index ["record_type", "record_id", "name", "blob_id"], name: "index_active_storage_attachments_uniqueness", unique: true
                                         ^^^^^^
db/schema.rb:22:50: C: [Corrected] Style/StringLiterals: Prefer single-quoted strings when you don't need string interpolation or special symbols.
    t.index ["record_type", "record_id", "name", "blob_id"], name: "index_active_storage_attachments_uniqueness", unique: true
                                                 ^^^^^^^^^
db/schema.rb:22:68: C: [Corrected] Style/StringLiterals: Prefer single-quoted strings when you don't need string interpolation or special symbols.
    t.index ["record_type", "record_id", "name", "blob_id"], name: "index_active_storage_attachments_uniqueness", unique: true
                                                                   ^^^^^^^^^^^^^^^^^^^^^^^^^^^^^^^^^^^^^^^^^^^^^
db/schema.rb:23:13: C: [Corrected] Style/WordArray: Use %w or %W for an array of words.
    t.index ['record_type', 'record_id', 'name', 'blob_id'], name: 'index_active_storage_attachments_uniqueness', unique: true
            ^^^^^^^^^^^^^^^^^^^^^^^^^^^^^^^^^^^^^^^^^^^^^^^
db/schema.rb:25:16: C: [Corrected] Style/StringLiterals: Prefer single-quoted strings when you don't need string interpolation or special symbols.
  create_table "active_storage_blobs", force: :cascade do |t|
               ^^^^^^^^^^^^^^^^^^^^^^
db/schema.rb:26:14: C: [Corrected] Style/StringLiterals: Prefer single-quoted strings when you don't need string interpolation or special symbols.
    t.string "key", null: false
             ^^^^^
db/schema.rb:27:14: C: [Corrected] Style/StringLiterals: Prefer single-quoted strings when you don't need string interpolation or special symbols.
    t.string "filename", null: false
             ^^^^^^^^^^
db/schema.rb:28:14: C: [Corrected] Style/StringLiterals: Prefer single-quoted strings when you don't need string interpolation or special symbols.
    t.string "content_type"
             ^^^^^^^^^^^^^^
db/schema.rb:29:12: C: [Corrected] Style/StringLiterals: Prefer single-quoted strings when you don't need string interpolation or special symbols.
    t.text "metadata"
           ^^^^^^^^^^
db/schema.rb:30:14: C: [Corrected] Style/StringLiterals: Prefer single-quoted strings when you don't need string interpolation or special symbols.
    t.bigint "byte_size", null: false
             ^^^^^^^^^^^
db/schema.rb:31:14: C: [Corrected] Style/StringLiterals: Prefer single-quoted strings when you don't need string interpolation or special symbols.
    t.string "checksum", null: false
             ^^^^^^^^^^
db/schema.rb:32:16: C: [Corrected] Style/StringLiterals: Prefer single-quoted strings when you don't need string interpolation or special symbols.
    t.datetime "created_at", null: false
               ^^^^^^^^^^^^
db/schema.rb:33:14: C: [Corrected] Style/StringLiterals: Prefer single-quoted strings when you don't need string interpolation or special symbols.
    t.index ["key"], name: "index_active_storage_blobs_on_key", unique: true
             ^^^^^
db/schema.rb:33:28: C: [Corrected] Style/StringLiterals: Prefer single-quoted strings when you don't need string interpolation or special symbols.
    t.index ["key"], name: "index_active_storage_blobs_on_key", unique: true
                           ^^^^^^^^^^^^^^^^^^^^^^^^^^^^^^^^^^^
db/schema.rb:36:16: C: [Corrected] Style/StringLiterals: Prefer single-quoted strings when you don't need string interpolation or special symbols.
  create_table "plan_details", force: :cascade do |t|
               ^^^^^^^^^^^^^^
db/schema.rb:37:16: C: [Corrected] Style/StringLiterals: Prefer single-quoted strings when you don't need string interpolation or special symbols.
    t.datetime "date"
               ^^^^^^
db/schema.rb:38:14: C: [Corrected] Style/StringLiterals: Prefer single-quoted strings when you don't need string interpolation or special symbols.
    t.string "place"
             ^^^^^^^
db/schema.rb:39:14: C: [Corrected] Style/StringLiterals: Prefer single-quoted strings when you don't need string interpolation or special symbols.
    t.string "action_type"
             ^^^^^^^^^^^^^
db/schema.rb:40:14: C: [Corrected] Style/StringLiterals: Prefer single-quoted strings when you don't need string interpolation or special symbols.
    t.string "action"
             ^^^^^^^^
db/schema.rb:41:12: C: [Corrected] Style/StringLiterals: Prefer single-quoted strings when you don't need string interpolation or special symbols.
    t.text "action_memo"
           ^^^^^^^^^^^^^
db/schema.rb:42:15: C: [Corrected] Style/StringLiterals: Prefer single-quoted strings when you don't need string interpolation or special symbols.
    t.integer "plan_id"
              ^^^^^^^^^
db/schema.rb:43:16: C: [Corrected] Style/StringLiterals: Prefer single-quoted strings when you don't need string interpolation or special symbols.
    t.datetime "created_at", null: false
               ^^^^^^^^^^^^
db/schema.rb:44:16: C: [Corrected] Style/StringLiterals: Prefer single-quoted strings when you don't need string interpolation or special symbols.
    t.datetime "updated_at", null: false
               ^^^^^^^^^^^^
db/schema.rb:45:13: C: [Corrected] Style/WordArray: Use %w or %W for an array of words.
    t.index ["plan_id", "created_at", "date"], name: "index_plan_details_on_plan_id_and_created_at_and_date"
            ^^^^^^^^^^^^^^^^^^^^^^^^^^^^^^^^^
db/schema.rb:45:14: C: [Corrected] Style/StringLiterals: Prefer single-quoted strings when you don't need string interpolation or special symbols.
    t.index ["plan_id", "created_at", "date"], name: "index_plan_details_on_plan_id_and_created_at_and_date"
             ^^^^^^^^^
db/schema.rb:45:25: C: [Corrected] Style/StringLiterals: Prefer single-quoted strings when you don't need string interpolation or special symbols.
    t.index ["plan_id", "created_at", "date"], name: "index_plan_details_on_plan_id_and_created_at_and_date"
                        ^^^^^^^^^^^^
db/schema.rb:45:39: C: [Corrected] Style/StringLiterals: Prefer single-quoted strings when you don't need string interpolation or special symbols.
    t.index ["plan_id", "created_at", "date"], name: "index_plan_details_on_plan_id_and_created_at_and_date"
                                      ^^^^^^
db/schema.rb:45:54: C: [Corrected] Style/StringLiterals: Prefer single-quoted strings when you don't need string interpolation or special symbols.
    t.index ["plan_id", "created_at", "date"], name: "index_plan_details_on_plan_id_and_created_at_and_date"
                                                     ^^^^^^^^^^^^^^^^^^^^^^^^^^^^^^^^^^^^^^^^^^^^^^^^^^^^^^^
db/schema.rb:46:13: C: [Corrected] Style/WordArray: Use %w or %W for an array of words.
    t.index ["plan_id", "created_at"], name: "index_plan_details_on_plan_id_and_created_at"
            ^^^^^^^^^^^^^^^^^^^^^^^^^
db/schema.rb:46:14: C: [Corrected] Style/StringLiterals: Prefer single-quoted strings when you don't need string interpolation or special symbols.
    t.index ["plan_id", "created_at"], name: "index_plan_details_on_plan_id_and_created_at"
             ^^^^^^^^^
db/schema.rb:46:25: C: [Corrected] Style/StringLiterals: Prefer single-quoted strings when you don't need string interpolation or special symbols.
    t.index ["plan_id", "created_at"], name: "index_plan_details_on_plan_id_and_created_at"
                        ^^^^^^^^^^^^
db/schema.rb:46:46: C: [Corrected] Style/StringLiterals: Prefer single-quoted strings when you don't need string interpolation or special symbols.
    t.index ["plan_id", "created_at"], name: "index_plan_details_on_plan_id_and_created_at"
                                             ^^^^^^^^^^^^^^^^^^^^^^^^^^^^^^^^^^^^^^^^^^^^^^
db/schema.rb:47:13: C: [Corrected] Style/WordArray: Use %w or %W for an array of words.
    t.index ['plan_id', 'created_at'], name: 'index_plan_details_on_plan_id_and_created_at'
            ^^^^^^^^^^^^^^^^^^^^^^^^^
db/schema.rb:47:14: C: [Corrected] Style/StringLiterals: Prefer single-quoted strings when you don't need string interpolation or special symbols.
    t.index ["plan_id"], name: "index_plan_details_on_plan_id"
             ^^^^^^^^^
db/schema.rb:47:32: C: [Corrected] Style/StringLiterals: Prefer single-quoted strings when you don't need string interpolation or special symbols.
    t.index ["plan_id"], name: "index_plan_details_on_plan_id"
                               ^^^^^^^^^^^^^^^^^^^^^^^^^^^^^^^
db/schema.rb:50:16: C: [Corrected] Style/StringLiterals: Prefer single-quoted strings when you don't need string interpolation or special symbols.
  create_table "plans", force: :cascade do |t|
               ^^^^^^^
db/schema.rb:51:14: C: [Corrected] Style/StringLiterals: Prefer single-quoted strings when you don't need string interpolation or special symbols.
    t.string "title"
             ^^^^^^^
db/schema.rb:52:12: C: [Corrected] Style/StringLiterals: Prefer single-quoted strings when you don't need string interpolation or special symbols.
    t.text "content"
           ^^^^^^^^^
db/schema.rb:53:15: C: [Corrected] Style/StringLiterals: Prefer single-quoted strings when you don't need string interpolation or special symbols.
    t.integer "user_id"
              ^^^^^^^^^
db/schema.rb:54:16: C: [Corrected] Style/StringLiterals: Prefer single-quoted strings when you don't need string interpolation or special symbols.
    t.datetime "created_at", null: false
               ^^^^^^^^^^^^
db/schema.rb:55:16: C: [Corrected] Style/StringLiterals: Prefer single-quoted strings when you don't need string interpolation or special symbols.
    t.datetime "updated_at", null: false
               ^^^^^^^^^^^^
db/schema.rb:56:13: C: [Corrected] Style/WordArray: Use %w or %W for an array of words.
    t.index ["user_id", "created_at"], name: "index_plans_on_user_id_and_created_at"
            ^^^^^^^^^^^^^^^^^^^^^^^^^
db/schema.rb:56:14: C: [Corrected] Style/StringLiterals: Prefer single-quoted strings when you don't need string interpolation or special symbols.
    t.index ["user_id", "created_at"], name: "index_plans_on_user_id_and_created_at"
             ^^^^^^^^^
db/schema.rb:56:25: C: [Corrected] Style/StringLiterals: Prefer single-quoted strings when you don't need string interpolation or special symbols.
    t.index ["user_id", "created_at"], name: "index_plans_on_user_id_and_created_at"
                        ^^^^^^^^^^^^
db/schema.rb:56:46: C: [Corrected] Style/StringLiterals: Prefer single-quoted strings when you don't need string interpolation or special symbols.
    t.index ["user_id", "created_at"], name: "index_plans_on_user_id_and_created_at"
                                             ^^^^^^^^^^^^^^^^^^^^^^^^^^^^^^^^^^^^^^^
db/schema.rb:57:13: C: [Corrected] Style/WordArray: Use %w or %W for an array of words.
    t.index ['user_id', 'created_at'], name: 'index_plans_on_user_id_and_created_at'
            ^^^^^^^^^^^^^^^^^^^^^^^^^
db/schema.rb:57:14: C: [Corrected] Style/StringLiterals: Prefer single-quoted strings when you don't need string interpolation or special symbols.
    t.index ["user_id"], name: "index_plans_on_user_id"
             ^^^^^^^^^
db/schema.rb:57:32: C: [Corrected] Style/StringLiterals: Prefer single-quoted strings when you don't need string interpolation or special symbols.
    t.index ["user_id"], name: "index_plans_on_user_id"
                               ^^^^^^^^^^^^^^^^^^^^^^^^
db/schema.rb:60:16: C: [Corrected] Style/StringLiterals: Prefer single-quoted strings when you don't need string interpolation or special symbols.
  create_table "users", force: :cascade do |t|
               ^^^^^^^
db/schema.rb:61:14: C: [Corrected] Style/StringLiterals: Prefer single-quoted strings when you don't need string interpolation or special symbols.
    t.string "email"
             ^^^^^^^
db/schema.rb:62:16: C: [Corrected] Style/StringLiterals: Prefer single-quoted strings when you don't need string interpolation or special symbols.
    t.datetime "created_at", null: false
               ^^^^^^^^^^^^
db/schema.rb:63:16: C: [Corrected] Style/StringLiterals: Prefer single-quoted strings when you don't need string interpolation or special symbols.
    t.datetime "updated_at", null: false
               ^^^^^^^^^^^^
db/schema.rb:64:14: C: [Corrected] Style/StringLiterals: Prefer single-quoted strings when you don't need string interpolation or special symbols.
    t.string "name"
             ^^^^^^
db/schema.rb:65:14: C: [Corrected] Style/StringLiterals: Prefer single-quoted strings when you don't need string interpolation or special symbols.
    t.string "password_digest"
             ^^^^^^^^^^^^^^^^^
db/schema.rb:66:14: C: [Corrected] Style/StringLiterals: Prefer single-quoted strings when you don't need string interpolation or special symbols.
    t.string "remember_digest"
             ^^^^^^^^^^^^^^^^^
db/schema.rb:67:15: C: [Corrected] Style/StringLiterals: Prefer single-quoted strings when you don't need string interpolation or special symbols.
    t.boolean "admin", default: false
              ^^^^^^^
db/schema.rb:68:14: C: [Corrected] Style/StringLiterals: Prefer single-quoted strings when you don't need string interpolation or special symbols.
    t.string "activation_digest"
             ^^^^^^^^^^^^^^^^^^^
db/schema.rb:69:15: C: [Corrected] Style/StringLiterals: Prefer single-quoted strings when you don't need string interpolation or special symbols.
    t.boolean "activated", default: false
              ^^^^^^^^^^^
db/schema.rb:70:16: C: [Corrected] Style/StringLiterals: Prefer single-quoted strings when you don't need string interpolation or special symbols.
    t.datetime "activated_at"
               ^^^^^^^^^^^^^^
db/schema.rb:71:14: C: [Corrected] Style/StringLiterals: Prefer single-quoted strings when you don't need string interpolation or special symbols.
    t.string "reset_digest"
             ^^^^^^^^^^^^^^
db/schema.rb:72:16: C: [Corrected] Style/StringLiterals: Prefer single-quoted strings when you don't need string interpolation or special symbols.
    t.datetime "reset_sent_at"
               ^^^^^^^^^^^^^^^
db/schema.rb:74:1: C: [Corrected] Layout/EmptyLinesAroundBlockBody: Extra empty line detected at block body end.
db/seeds.rb:35:3: C: [Corrected] Style/For: Prefer each over for.
  for n in 1..5 do ...
  ^^^^^^^^^^^^^^^^
db/seeds.rb:39:19: C: [Corrected] Style/WordArray: Use %w or %W for an array of words.
    rand_method = ['walk','car','train','bus','taxi','air','ship','etc','tourism','meal','work','checkin','sleepin','wakeup','checkout','etc']
                  ^^^^^^^^^^^^^^^^^^^^^^^^^^^^^^^^^^^^^^^^^^^^^^^^^^^^^^^^^^^^^^^^^^^^^^^^^^^^^^^^^^^^^^^^^^^^^^^^^^^^^^^^^^^^^^^^^^^^^^^^^^^^
db/seeds.rb:39:26: C: [Corrected] Layout/SpaceAfterComma: Space missing after comma.
    rand_method = ['walk','car','train','bus','taxi','air','ship','etc','tourism','meal','work','checkin','sleepin','wakeup','checkout','etc']
                         ^
db/seeds.rb:39:32: C: [Corrected] Layout/SpaceAfterComma: Space missing after comma.
    rand_method = ['walk','car','train','bus','taxi','air','ship','etc','tourism','meal','work','checkin','sleepin','wakeup','checkout','etc']
                               ^
db/seeds.rb:39:40: C: [Corrected] Layout/SpaceAfterComma: Space missing after comma.
    rand_method = ['walk','car','train','bus','taxi','air','ship','etc','tourism','meal','work','checkin','sleepin','wakeup','checkout','etc']
                                       ^
db/seeds.rb:39:46: C: [Corrected] Layout/SpaceAfterComma: Space missing after comma.
    rand_method = ['walk','car','train','bus','taxi','air','ship','etc','tourism','meal','work','checkin','sleepin','wakeup','checkout','etc']
                                             ^
db/seeds.rb:39:53: C: [Corrected] Layout/SpaceAfterComma: Space missing after comma.
    rand_method = ['walk','car','train','bus','taxi','air','ship','etc','tourism','meal','work','checkin','sleepin','wakeup','checkout','etc']
                                                    ^
db/seeds.rb:39:59: C: [Corrected] Layout/SpaceAfterComma: Space missing after comma.
    rand_method = ['walk','car','train','bus','taxi','air','ship','etc','tourism','meal','work','checkin','sleepin','wakeup','checkout','etc']
                                                          ^
db/seeds.rb:39:66: C: [Corrected] Layout/SpaceAfterComma: Space missing after comma.
    rand_method = ['walk','car','train','bus','taxi','air','ship','etc','tourism','meal','work','checkin','sleepin','wakeup','checkout','etc']
                                                                 ^
db/seeds.rb:39:72: C: [Corrected] Layout/SpaceAfterComma: Space missing after comma.
    rand_method = ['walk','car','train','bus','taxi','air','ship','etc','tourism','meal','work','checkin','sleepin','wakeup','checkout','etc']
                                                                       ^
db/seeds.rb:39:82: C: [Corrected] Layout/SpaceAfterComma: Space missing after comma.
    rand_method = ['walk','car','train','bus','taxi','air','ship','etc','tourism','meal','work','checkin','sleepin','wakeup','checkout','etc']
                                                                                 ^
db/seeds.rb:39:89: C: [Corrected] Layout/SpaceAfterComma: Space missing after comma.
    rand_method = ['walk','car','train','bus','taxi','air','ship','etc','tourism','meal','work','checkin','sleepin','wakeup','checkout','etc']
                                                                                        ^
db/seeds.rb:39:96: C: [Corrected] Layout/SpaceAfterComma: Space missing after comma.
    rand_method = ['walk','car','train','bus','taxi','air','ship','etc','tourism','meal','work','checkin','sleepin','wakeup','checkout','etc']
                                                                                               ^
db/seeds.rb:39:106: C: [Corrected] Layout/SpaceAfterComma: Space missing after comma.
    rand_method = ['walk','car','train','bus','taxi','air','ship','etc','tourism','meal','work','checkin','sleepin','wakeup','checkout','etc']
                                                                                                         ^
db/seeds.rb:39:116: C: [Corrected] Layout/SpaceAfterComma: Space missing after comma.
    rand_method = ['walk','car','train','bus','taxi','air','ship','etc','tourism','meal','work','checkin','sleepin','wakeup','checkout','etc']
                                                                                                                   ^
db/seeds.rb:39:125: C: [Corrected] Layout/SpaceAfterComma: Space missing after comma.
    rand_method = ['walk','car','train','bus','taxi','air','ship','etc','tourism','meal','work','checkin','sleepin','wakeup','checkout','etc']
                                                                                                                            ^
db/seeds.rb:39:136: C: [Corrected] Layout/SpaceAfterComma: Space missing after comma.
    rand_method = ['walk','car','train','bus','taxi','air','ship','etc','tourism','meal','work','checkin','sleepin','wakeup','checkout','etc']
                                                                                                                                       ^
db/seeds.rb:40:18: W: Lint/ShadowingOuterLocalVariable: Shadowing outer local variable - n.
    10.times do |n|
                 ^
db/seeds.rb:49:1: C: [Corrected] Layout/EmptyLinesAroundBlockBody: Extra empty line detected at block body end.
db/migrate/20181204123544_add_index_plan_details.rb:1:1: C: [Corrected] Style/FrozenStringLiteralComment: Missing magic comment # frozen_string_literal: true.
class AddIndexPlanDetails < ActiveRecord::Migration[5.2]
^
db/migrate/20181204123544_add_index_plan_details.rb:2:3: C: [Corrected] Style/EmptyMethod: Put empty method definitions on a single line.
  def change ...
  ^^^^^^^^^^
db/migrate/20181129112139_create_active_storage_tables.active_storage.rb:5:3: C: Metrics/MethodLength: Method has too many lines. [17/10]
  def change ...
  ^^^^^^^^^^

91 files inspected, 153 offenses detected, 114 offenses corrected
